<?xml version="1.0" encoding="UTF-8"?>
<!-- Generated by org.testng.reporters.JUnitXMLReporter -->
<testsuite ignored="0" hostname="DESKTOP-P7UG078" failures="0" tests="5" name="Surefire test" time="0.073" errors="0" timestamp="2023-10-27T14:50:30 IST">
  <testcase classname="com.lbrce.devops.UserValidationTest" name="testCase1" time="0.019"/>
  <testcase classname="com.lbrce.devops.UserValidationTest" name="testCase2" time="0.001"/>
  <testcase classname="com.lbrce.devops.UserValidationTest" name="testCase3" time="0.0"/>
  <testcase classname="com.lbrce.devops.UserValidationTest" name="testCase4" time="0.001"/>
  <testcase classname="com.lbrce.devops.UserValidationTest" name="testCase5" time="0.001"/>
</testsuite> <!-- Surefire test -->
